# JRE version: OpenJDK Runtime Environment (8.0_152-b02) (build 1.8.0_152-release-1024-b02)
# Java VM: OpenJDK 64-Bit Server VM (25.152-b02 mixed mode windows-amd64 compressed oops)
Heap:
 PSYoungGen      total 447488K, used 352403K [0x00000000d5580000, 0x00000000fae00000, 0x0000000100000000)
  eden space 371200K, 78% used [0x00000000d5580000,0x00000000e710d650,0x00000000ec000000)
  from space 76288K, 81% used [0x00000000ec000000,0x00000000efc97878,0x00000000f0a80000)
  to   space 83456K, 0% used [0x00000000f5c80000,0x00000000f5c80000,0x00000000fae00000)
 ParOldGen       total 270336K, used 107273K [0x0000000080000000, 0x0000000090800000, 0x00000000d5580000)
  object space 270336K, 39% used [0x0000000080000000,0x00000000868c24d0,0x0000000090800000)
 Metaspace       used 81154K, capacity 84760K, committed 84952K, reserved 1122304K
  class space    used 10643K, capacity 11508K, committed 11520K, reserved 1048576K
GC Heap History (10 events):
Event: 23.281 GC heap before
{Heap before GC invocations=16 (full 3):
 PSYoungGen      total 278016K, used 277994K [0x00000000d5580000, 0x00000000e9b00000, 0x0000000100000000)
  eden space 253440K, 100% used [0x00000000d5580000,0x00000000e4d00000,0x00000000e4d00000)
  from space 24576K, 99% used [0x00000000e6e80000,0x00000000e867a840,0x00000000e8680000)
  to   space 34304K, 0% used [0x00000000e4d00000,0x00000000e4d00000,0x00000000e6e80000)
 ParOldGen       total 270336K, used 67101K [0x0000000080000000, 0x0000000090800000, 0x00000000d5580000)
  object space 270336K, 24% used [0x0000000080000000,0x0000000084187770,0x0000000090800000)
 Metaspace       used 70552K, capacity 72854K, committed 73176K, reserved 1112064K
  class space    used 9266K, capacity 9915K, committed 9984K, reserved 1048576K
Event: 23.321 GC heap after
Heap after GC invocations=16 (full 3):
 PSYoungGen      total 287744K, used 34291K [0x00000000d5580000, 0x00000000eea80000, 0x0000000100000000)
  eden space 253440K, 0% used [0x00000000d5580000,0x00000000d5580000,0x00000000e4d00000)
  from space 34304K, 99% used [0x00000000e4d00000,0x00000000e6e7cc18,0x00000000e6e80000)
  to   space 54272K, 0% used [0x00000000eb580000,0x00000000eb580000,0x00000000eea80000)
 ParOldGen       total 270336K, used 107249K [0x0000000080000000, 0x0000000090800000, 0x00000000d5580000)
  object space 270336K, 39% used [0x0000000080000000,0x00000000868bc4d0,0x0000000090800000)
 Metaspace       used 70552K, capacity 72854K, committed 73176K, reserved 1112064K
  class space    used 9266K, capacity 9915K, committed 9984K, reserved 1048576K
}
Event: 24.087 GC heap before
{Heap before GC invocations=17 (full 3):
 PSYoungGen      total 287744K, used 287731K [0x00000000d5580000, 0x00000000eea80000, 0x0000000100000000)
  eden space 253440K, 100% used [0x00000000d5580000,0x00000000e4d00000,0x00000000e4d00000)
  from space 34304K, 99% used [0x00000000e4d00000,0x00000000e6e7cc18,0x00000000e6e80000)
  to   space 54272K, 0% used [0x00000000eb580000,0x00000000eb580000,0x00000000eea80000)
 ParOldGen       total 270336K, used 107249K [0x0000000080000000, 0x0000000090800000, 0x00000000d5580000)
  object space 270336K, 39% used [0x0000000080000000,0x00000000868bc4d0,0x0000000090800000)
 Metaspace       used 70554K, capacity 72854K, committed 73176K, reserved 1112064K
  class space    used 9266K, capacity 9915K, committed 9984K, reserved 1048576K
Event: 24.113 GC heap after
Heap after GC invocations=17 (full 3):
 PSYoungGen      total 356864K, used 41559K [0x00000000d5580000, 0x00000000f0200000, 0x0000000100000000)
  eden space 302592K, 0% used [0x00000000d5580000,0x00000000d5580000,0x00000000e7d00000)
  from space 54272K, 76% used [0x00000000eb580000,0x00000000ede15e10,0x00000000eea80000)
  to   space 57856K, 0% used [0x00000000e7d00000,0x00000000e7d00000,0x00000000eb580000)
 ParOldGen       total 270336K, used 107249K [0x0000000080000000, 0x0000000090800000, 0x00000000d5580000)
  object space 270336K, 39% used [0x0000000080000000,0x00000000868bc4d0,0x0000000090800000)
 Metaspace       used 70554K, capacity 72854K, committed 73176K, reserved 1112064K
  class space    used 9266K, capacity 9915K, committed 9984K, reserved 1048576K
}
Event: 28.675 GC heap before
{Heap before GC invocations=18 (full 3):
 PSYoungGen      total 356864K, used 344151K [0x00000000d5580000, 0x00000000f0200000, 0x0000000100000000)
  eden space 302592K, 100% used [0x00000000d5580000,0x00000000e7d00000,0x00000000e7d00000)
  from space 54272K, 76% used [0x00000000eb580000,0x00000000ede15e10,0x00000000eea80000)
  to   space 57856K, 0% used [0x00000000e7d00000,0x00000000e7d00000,0x00000000eb580000)
 ParOldGen       total 270336K, used 107249K [0x0000000080000000, 0x0000000090800000, 0x00000000d5580000)
  object space 270336K, 39% used [0x0000000080000000,0x00000000868bc4d0,0x0000000090800000)
 Metaspace       used 72047K, capacity 74478K, committed 74712K, reserved 1114112K
  class space    used 9492K, capacity 10193K, committed 10240K, reserved 1048576K
Event: 28.717 GC heap after
Heap after GC invocations=18 (full 3):
 PSYoungGen      total 360448K, used 55200K [0x00000000d5580000, 0x00000000f4b00000, 0x0000000100000000)
  eden space 302592K, 0% used [0x00000000d5580000,0x00000000d5580000,0x00000000e7d00000)
  from space 57856K, 95% used [0x00000000e7d00000,0x00000000eb2e80b8,0x00000000eb580000)
  to   space 66048K, 0% used [0x00000000f0a80000,0x00000000f0a80000,0x00000000f4b00000)
 ParOldGen       total 270336K, used 107257K [0x0000000080000000, 0x0000000090800000, 0x00000000d5580000)
  object space 270336K, 39% used [0x0000000080000000,0x00000000868be4d0,0x0000000090800000)
 Metaspace       used 72047K, capacity 74478K, committed 74712K, reserved 1114112K
  class space    used 9492K, capacity 10193K, committed 10240K, reserved 1048576K
}
Event: 40.502 GC heap before
{Heap before GC invocations=19 (full 3):
 PSYoungGen      total 360448K, used 357792K [0x00000000d5580000, 0x00000000f4b00000, 0x0000000100000000)
  eden space 302592K, 100% used [0x00000000d5580000,0x00000000e7d00000,0x00000000e7d00000)
  from space 57856K, 95% used [0x00000000e7d00000,0x00000000eb2e80b8,0x00000000eb580000)
  to   space 66048K, 0% used [0x00000000f0a80000,0x00000000f0a80000,0x00000000f4b00000)
 ParOldGen       total 270336K, used 107257K [0x0000000080000000, 0x0000000090800000, 0x00000000d5580000)
  object space 270336K, 39% used [0x0000000080000000,0x00000000868be4d0,0x0000000090800000)
 Metaspace       used 79813K, capacity 83426K, committed 83672K, reserved 1122304K
  class space    used 10590K, capacity 11439K, committed 11520K, reserved 1048576K
Event: 40.563 GC heap after
Heap after GC invocations=19 (full 3):
 PSYoungGen      total 437248K, used 65803K [0x00000000d5580000, 0x00000000f5780000, 0x0000000100000000)
  eden space 371200K, 0% used [0x00000000d5580000,0x00000000d5580000,0x00000000ec000000)
  from space 66048K, 99% used [0x00000000f0a80000,0x00000000f4ac2f40,0x00000000f4b00000)
  to   space 76288K, 0% used [0x00000000ec000000,0x00000000ec000000,0x00000000f0a80000)
 ParOldGen       total 270336K, used 107265K [0x0000000080000000, 0x0000000090800000, 0x00000000d5580000)
  object space 270336K, 39% used [0x0000000080000000,0x00000000868c04d0,0x0000000090800000)
 Metaspace       used 79813K, capacity 83426K, committed 83672K, reserved 1122304K
  class space    used 10590K, capacity 11439K, committed 11520K, reserved 1048576K
}
Event: 41.564 GC heap before
{Heap before GC invocations=20 (full 3):
 PSYoungGen      total 437248K, used 437003K [0x00000000d5580000, 0x00000000f5780000, 0x0000000100000000)
  eden space 371200K, 100% used [0x00000000d5580000,0x00000000ec000000,0x00000000ec000000)
  from space 66048K, 99% used [0x00000000f0a80000,0x00000000f4ac2f40,0x00000000f4b00000)
  to   space 76288K, 0% used [0x00000000ec000000,0x00000000ec000000,0x00000000f0a80000)
 ParOldGen       total 270336K, used 107265K [0x0000000080000000, 0x0000000090800000, 0x00000000d5580000)
  object space 270336K, 39% used [0x0000000080000000,0x00000000868c04d0,0x0000000090800000)
 Metaspace       used 80602K, capacity 84184K, committed 84440K, reserved 1122304K
  class space    used 10642K, capacity 11508K, committed 11520K, reserved 1048576K
Event: 41.608 GC heap after
Heap after GC invocations=20 (full 3):
 PSYoungGen      total 447488K, used 62046K [0x00000000d5580000, 0x00000000fae00000, 0x0000000100000000)
  eden space 371200K, 0% used [0x00000000d5580000,0x00000000d5580000,0x00000000ec000000)
  from space 76288K, 81% used [0x00000000ec000000,0x00000000efc97878,0x00000000f0a80000)
  to   space 83456K, 0% used [0x00000000f5c80000,0x00000000f5c80000,0x00000000fae00000)
 ParOldGen       total 270336K, used 107273K [0x0000000080000000, 0x0000000090800000, 0x00000000d5580000)
  object space 270336K, 39% used [0x0000000080000000,0x00000000868c24d0,0x0000000090800000)
 Metaspace       used 80602K, capacity 84184K, committed 84440K, reserved 1122304K
  class space    used 10642K, capacity 11508K, committed 11520K, reserved 1048576K
}

