# JRE version: OpenJDK Runtime Environment (8.0_152-b02) (build 1.8.0_152-release-1024-b02)
# Java VM: OpenJDK 64-Bit Server VM (25.152-b02 mixed mode windows-amd64 compressed oops)
Heap:
 PSYoungGen      total 892928K, used 743216K [0x000000076ab00000, 0x00000007a7580000, 0x00000007c0000000)
  eden space 821760K, 88% used [0x000000076ab00000,0x00000007973995d0,0x000000079cd80000)
  from space 71168K, 18% used [0x00000007a3000000,0x00000007a3d32b68,0x00000007a7580000)
  to   space 86016K, 0% used [0x000000079cd80000,0x000000079cd80000,0x00000007a2180000)
 ParOldGen       total 494592K, used 141914K [0x00000006c0000000, 0x00000006de300000, 0x000000076ab00000)
  object space 494592K, 28% used [0x00000006c0000000,0x00000006c8a96a18,0x00000006de300000)
 Metaspace       used 102577K, capacity 109434K, committed 109696K, reserved 1144832K
  class space    used 12736K, capacity 14166K, committed 14208K, reserved 1048576K
GC Heap History (10 events):
Event: 10856.669 GC heap before
{Heap before GC invocations=40 (full 4):
 PSYoungGen      total 686080K, used 619142K [0x000000076ab00000, 0x000000079f300000, 0x00000007c0000000)
  eden space 595456K, 99% used [0x000000076ab00000,0x000000078f044168,0x000000078f080000)
  from space 90624K, 26% used [0x000000078f080000,0x00000007907dd8c0,0x0000000794900000)
  to   space 87040K, 0% used [0x0000000799e00000,0x0000000799e00000,0x000000079f300000)
 ParOldGen       total 494592K, used 133281K [0x00000006c0000000, 0x00000006de300000, 0x000000076ab00000)
  object space 494592K, 26% used [0x00000006c0000000,0x00000006c82286e0,0x00000006de300000)
 Metaspace       used 95015K, capacity 100004K, committed 100736K, reserved 1136640K
  class space    used 11701K, capacity 12654K, committed 12928K, reserved 1048576K
Event: 10856.713 GC heap after
Heap after GC invocations=40 (full 4):
 PSYoungGen      total 762368K, used 78556K [0x000000076ab00000, 0x00000007a0600000, 0x00000007c0000000)
  eden space 675328K, 0% used [0x000000076ab00000,0x000000076ab00000,0x0000000793e80000)
  from space 87040K, 90% used [0x0000000799e00000,0x000000079eab7078,0x000000079f300000)
  to   space 97792K, 0% used [0x0000000793e80000,0x0000000793e80000,0x0000000799e00000)
 ParOldGen       total 494592K, used 133289K [0x00000006c0000000, 0x00000006de300000, 0x000000076ab00000)
  object space 494592K, 26% used [0x00000006c0000000,0x00000006c822a6e0,0x00000006de300000)
 Metaspace       used 95015K, capacity 100004K, committed 100736K, reserved 1136640K
  class space    used 11701K, capacity 12654K, committed 12928K, reserved 1048576K
}
Event: 10859.156 GC heap before
{Heap before GC invocations=41 (full 4):
 PSYoungGen      total 762368K, used 753446K [0x000000076ab00000, 0x00000007a0600000, 0x00000007c0000000)
  eden space 675328K, 99% used [0x000000076ab00000,0x0000000793e12928,0x0000000793e80000)
  from space 87040K, 90% used [0x0000000799e00000,0x000000079eab7078,0x000000079f300000)
  to   space 97792K, 0% used [0x0000000793e80000,0x0000000793e80000,0x0000000799e00000)
 ParOldGen       total 494592K, used 133289K [0x00000006c0000000, 0x00000006de300000, 0x000000076ab00000)
  object space 494592K, 26% used [0x00000006c0000000,0x00000006c822a6e0,0x00000006de300000)
 Metaspace       used 95071K, capacity 100010K, committed 100736K, reserved 1136640K
  class space    used 11701K, capacity 12655K, committed 12928K, reserved 1048576K
Event: 10859.174 GC heap after
Heap after GC invocations=41 (full 4):
 PSYoungGen      total 773120K, used 21185K [0x000000076ab00000, 0x00000007a5380000, 0x00000007c0000000)
  eden space 675328K, 0% used [0x000000076ab00000,0x000000076ab00000,0x0000000793e80000)
  from space 97792K, 21% used [0x0000000793e80000,0x0000000795330688,0x0000000799e00000)
  to   space 95232K, 0% used [0x000000079f680000,0x000000079f680000,0x00000007a5380000)
 ParOldGen       total 494592K, used 140738K [0x00000006c0000000, 0x00000006de300000, 0x000000076ab00000)
  object space 494592K, 28% used [0x00000006c0000000,0x00000006c89709d8,0x00000006de300000)
 Metaspace       used 95071K, capacity 100010K, committed 100736K, reserved 1136640K
  class space    used 11701K, capacity 12655K, committed 12928K, reserved 1048576K
}
Event: 11083.269 GC heap before
{Heap before GC invocations=42 (full 4):
 PSYoungGen      total 773120K, used 696513K [0x000000076ab00000, 0x00000007a5380000, 0x00000007c0000000)
  eden space 675328K, 100% used [0x000000076ab00000,0x0000000793e80000,0x0000000793e80000)
  from space 97792K, 21% used [0x0000000793e80000,0x0000000795330688,0x0000000799e00000)
  to   space 95232K, 0% used [0x000000079f680000,0x000000079f680000,0x00000007a5380000)
 ParOldGen       total 494592K, used 140738K [0x00000006c0000000, 0x00000006de300000, 0x000000076ab00000)
  object space 494592K, 28% used [0x00000006c0000000,0x00000006c89709d8,0x00000006de300000)
 Metaspace       used 96206K, capacity 101204K, committed 101888K, reserved 1138688K
  class space    used 11803K, capacity 12780K, committed 13056K, reserved 1048576K
Event: 11083.278 GC heap after
Heap after GC invocations=42 (full 4):
 PSYoungGen      total 838144K, used 9430K [0x000000076ab00000, 0x00000007a4600000, 0x00000007c0000000)
  eden space 756736K, 0% used [0x000000076ab00000,0x000000076ab00000,0x0000000798e00000)
  from space 81408K, 11% used [0x000000079f680000,0x000000079ffb5bd8,0x00000007a4600000)
  to   space 94208K, 0% used [0x0000000798e00000,0x0000000798e00000,0x000000079ea00000)
 ParOldGen       total 494592K, used 141482K [0x00000006c0000000, 0x00000006de300000, 0x000000076ab00000)
  object space 494592K, 28% used [0x00000006c0000000,0x00000006c8a2aa08,0x00000006de300000)
 Metaspace       used 96206K, capacity 101204K, committed 101888K, reserved 1138688K
  class space    used 11803K, capacity 12780K, committed 13056K, reserved 1048576K
}
Event: 11331.566 GC heap before
{Heap before GC invocations=43 (full 4):
 PSYoungGen      total 838144K, used 766166K [0x000000076ab00000, 0x00000007a4600000, 0x00000007c0000000)
  eden space 756736K, 100% used [0x000000076ab00000,0x0000000798e00000,0x0000000798e00000)
  from space 81408K, 11% used [0x000000079f680000,0x000000079ffb5bd8,0x00000007a4600000)
  to   space 94208K, 0% used [0x0000000798e00000,0x0000000798e00000,0x000000079ea00000)
 ParOldGen       total 494592K, used 141482K [0x00000006c0000000, 0x00000006de300000, 0x000000076ab00000)
  object space 494592K, 28% used [0x00000006c0000000,0x00000006c8a2aa08,0x00000006de300000)
 Metaspace       used 97310K, capacity 102452K, committed 103040K, reserved 1138688K
  class space    used 11906K, capacity 12914K, committed 13184K, reserved 1048576K
Event: 11331.585 GC heap after
Heap after GC invocations=43 (full 4):
 PSYoungGen      total 850944K, used 33594K [0x000000076ab00000, 0x00000007a8600000, 0x00000007c0000000)
  eden space 756736K, 0% used [0x000000076ab00000,0x000000076ab00000,0x0000000798e00000)
  from space 94208K, 35% used [0x0000000798e00000,0x000000079aeceb78,0x000000079ea00000)
  to   space 88064K, 0% used [0x00000007a3000000,0x00000007a3000000,0x00000007a8600000)
 ParOldGen       total 494592K, used 141906K [0x00000006c0000000, 0x00000006de300000, 0x000000076ab00000)
  object space 494592K, 28% used [0x00000006c0000000,0x00000006c8a94a18,0x00000006de300000)
 Metaspace       used 97310K, capacity 102452K, committed 103040K, reserved 1138688K
  class space    used 11906K, capacity 12914K, committed 13184K, reserved 1048576K
}
Event: 11768.017 GC heap before
{Heap before GC invocations=44 (full 4):
 PSYoungGen      total 850944K, used 790330K [0x000000076ab00000, 0x00000007a8600000, 0x00000007c0000000)
  eden space 756736K, 100% used [0x000000076ab00000,0x0000000798e00000,0x0000000798e00000)
  from space 94208K, 35% used [0x0000000798e00000,0x000000079aeceb78,0x000000079ea00000)
  to   space 88064K, 0% used [0x00000007a3000000,0x00000007a3000000,0x00000007a8600000)
 ParOldGen       total 494592K, used 141906K [0x00000006c0000000, 0x00000006de300000, 0x000000076ab00000)
  object space 494592K, 28% used [0x00000006c0000000,0x00000006c8a94a18,0x00000006de300000)
 Metaspace       used 100903K, capacity 107386K, committed 107520K, reserved 1142784K
  class space    used 12480K, capacity 13736K, committed 13824K, reserved 1048576K
Event: 11768.032 GC heap after
Heap after GC invocations=44 (full 4):
 PSYoungGen      total 892928K, used 13514K [0x000000076ab00000, 0x00000007a7580000, 0x00000007c0000000)
  eden space 821760K, 0% used [0x000000076ab00000,0x000000076ab00000,0x000000079cd80000)
  from space 71168K, 18% used [0x00000007a3000000,0x00000007a3d32b68,0x00000007a7580000)
  to   space 86016K, 0% used [0x000000079cd80000,0x000000079cd80000,0x00000007a2180000)
 ParOldGen       total 494592K, used 141914K [0x00000006c0000000, 0x00000006de300000, 0x000000076ab00000)
  object space 494592K, 28% used [0x00000006c0000000,0x00000006c8a96a18,0x00000006de300000)
 Metaspace       used 100903K, capacity 107386K, committed 107520K, reserved 1142784K
  class space    used 12480K, capacity 13736K, committed 13824K, reserved 1048576K
}

