# JRE version: OpenJDK Runtime Environment (8.0_152-b02) (build 1.8.0_152-release-1024-b02)
# Java VM: OpenJDK 64-Bit Server VM (25.152-b02 mixed mode windows-amd64 compressed oops)
Heap:
 PSYoungGen      total 457216K, used 320418K [0x00000000d5580000, 0x00000000fa180000, 0x0000000100000000)
  eden space 375808K, 65% used [0x00000000d5580000,0x00000000e45e3898,0x00000000ec480000)
  from space 81408K, 91% used [0x00000000f5200000,0x00000000f9a85258,0x00000000fa180000)
  to   space 64000K, 0% used [0x00000000ec480000,0x00000000ec480000,0x00000000f0300000)
 ParOldGen       total 263168K, used 160043K [0x0000000080000000, 0x0000000090100000, 0x00000000d5580000)
  object space 263168K, 60% used [0x0000000080000000,0x0000000089c4af90,0x0000000090100000)
 Metaspace       used 82089K, capacity 86894K, committed 87168K, reserved 1124352K
  class space    used 10815K, capacity 11876K, committed 11904K, reserved 1048576K
GC Heap History (10 events):
Event: 17.481 GC heap before
{Heap before GC invocations=17 (full 3):
 PSYoungGen      total 292352K, used 292336K [0x00000000d5580000, 0x00000000ed900000, 0x0000000100000000)
  eden space 265216K, 100% used [0x00000000d5580000,0x00000000e5880000,0x00000000e5880000)
  from space 27136K, 99% used [0x00000000e5880000,0x00000000e72fc030,0x00000000e7300000)
  to   space 31232K, 0% used [0x00000000eba80000,0x00000000eba80000,0x00000000ed900000)
 ParOldGen       total 263168K, used 46397K [0x0000000080000000, 0x0000000090100000, 0x00000000d5580000)
  object space 263168K, 17% used [0x0000000080000000,0x0000000082d4f658,0x0000000090100000)
 Metaspace       used 57861K, capacity 60154K, committed 60288K, reserved 1101824K
  class space    used 7902K, capacity 8538K, committed 8576K, reserved 1048576K
Event: 17.501 GC heap after
Heap after GC invocations=17 (full 3):
 PSYoungGen      total 357376K, used 31200K [0x00000000d5580000, 0x00000000ee780000, 0x0000000100000000)
  eden space 326144K, 0% used [0x00000000d5580000,0x00000000d5580000,0x00000000e9400000)
  from space 31232K, 99% used [0x00000000eba80000,0x00000000ed8f80f0,0x00000000ed900000)
  to   space 39424K, 0% used [0x00000000e9400000,0x00000000e9400000,0x00000000eba80000)
 ParOldGen       total 263168K, used 56978K [0x0000000080000000, 0x0000000090100000, 0x00000000d5580000)
  object space 263168K, 21% used [0x0000000080000000,0x00000000837a4868,0x0000000090100000)
 Metaspace       used 57861K, capacity 60154K, committed 60288K, reserved 1101824K
  class space    used 7902K, capacity 8538K, committed 8576K, reserved 1048576K
}
Event: 334.908 GC heap before
{Heap before GC invocations=18 (full 3):
 PSYoungGen      total 357376K, used 357344K [0x00000000d5580000, 0x00000000ee780000, 0x0000000100000000)
  eden space 326144K, 100% used [0x00000000d5580000,0x00000000e9400000,0x00000000e9400000)
  from space 31232K, 99% used [0x00000000eba80000,0x00000000ed8f80f0,0x00000000ed900000)
  to   space 39424K, 0% used [0x00000000e9400000,0x00000000e9400000,0x00000000eba80000)
 ParOldGen       total 263168K, used 56978K [0x0000000080000000, 0x0000000090100000, 0x00000000d5580000)
  object space 263168K, 21% used [0x0000000080000000,0x00000000837a4868,0x0000000090100000)
 Metaspace       used 63148K, capacity 65738K, committed 65792K, reserved 1105920K
  class space    used 8532K, capacity 9204K, committed 9216K, reserved 1048576K
Event: 334.944 GC heap after
Heap after GC invocations=18 (full 3):
 PSYoungGen      total 365568K, used 36393K [0x00000000d5580000, 0x00000000f2e00000, 0x0000000100000000)
  eden space 326144K, 0% used [0x00000000d5580000,0x00000000d5580000,0x00000000e9400000)
  from space 39424K, 92% used [0x00000000e9400000,0x00000000eb78a460,0x00000000eba80000)
  to   space 44032K, 0% used [0x00000000f0300000,0x00000000f0300000,0x00000000f2e00000)
 ParOldGen       total 263168K, used 73794K [0x0000000080000000, 0x0000000090100000, 0x00000000d5580000)
  object space 263168K, 28% used [0x0000000080000000,0x00000000848108c8,0x0000000090100000)
 Metaspace       used 63148K, capacity 65738K, committed 65792K, reserved 1105920K
  class space    used 8532K, capacity 9204K, committed 9216K, reserved 1048576K
}
Event: 339.223 GC heap before
{Heap before GC invocations=19 (full 3):
 PSYoungGen      total 365568K, used 362537K [0x00000000d5580000, 0x00000000f2e00000, 0x0000000100000000)
  eden space 326144K, 100% used [0x00000000d5580000,0x00000000e9400000,0x00000000e9400000)
  from space 39424K, 92% used [0x00000000e9400000,0x00000000eb78a460,0x00000000eba80000)
  to   space 44032K, 0% used [0x00000000f0300000,0x00000000f0300000,0x00000000f2e00000)
 ParOldGen       total 263168K, used 73794K [0x0000000080000000, 0x0000000090100000, 0x00000000d5580000)
  object space 263168K, 28% used [0x0000000080000000,0x00000000848108c8,0x0000000090100000)
 Metaspace       used 69415K, capacity 72228K, committed 72448K, reserved 1112064K
  class space    used 9207K, capacity 9953K, committed 9984K, reserved 1048576K
Event: 339.360 GC heap after
Heap after GC invocations=19 (full 3):
 PSYoungGen      total 419840K, used 44010K [0x00000000d5580000, 0x00000000f6900000, 0x0000000100000000)
  eden space 375808K, 0% used [0x00000000d5580000,0x00000000d5580000,0x00000000ec480000)
  from space 44032K, 99% used [0x00000000f0300000,0x00000000f2dfaa68,0x00000000f2e00000)
  to   space 64000K, 0% used [0x00000000ec480000,0x00000000ec480000,0x00000000f0300000)
 ParOldGen       total 263168K, used 111292K [0x0000000080000000, 0x0000000090100000, 0x00000000d5580000)
  object space 263168K, 42% used [0x0000000080000000,0x0000000086caf010,0x0000000090100000)
 Metaspace       used 69415K, capacity 72228K, committed 72448K, reserved 1112064K
  class space    used 9207K, capacity 9953K, committed 9984K, reserved 1048576K
}
Event: 348.061 GC heap before
{Heap before GC invocations=20 (full 3):
 PSYoungGen      total 419840K, used 419818K [0x00000000d5580000, 0x00000000f6900000, 0x0000000100000000)
  eden space 375808K, 100% used [0x00000000d5580000,0x00000000ec480000,0x00000000ec480000)
  from space 44032K, 99% used [0x00000000f0300000,0x00000000f2dfaa68,0x00000000f2e00000)
  to   space 64000K, 0% used [0x00000000ec480000,0x00000000ec480000,0x00000000f0300000)
 ParOldGen       total 263168K, used 111292K [0x0000000080000000, 0x0000000090100000, 0x00000000d5580000)
  object space 263168K, 42% used [0x0000000080000000,0x0000000086caf010,0x0000000090100000)
 Metaspace       used 73116K, capacity 76120K, committed 76160K, reserved 1116160K
  class space    used 9556K, capacity 10349K, committed 10368K, reserved 1048576K
Event: 348.117 GC heap after
Heap after GC invocations=20 (full 3):
 PSYoungGen      total 439808K, used 63992K [0x00000000d5580000, 0x00000000fa180000, 0x0000000100000000)
  eden space 375808K, 0% used [0x00000000d5580000,0x00000000d5580000,0x00000000ec480000)
  from space 64000K, 99% used [0x00000000ec480000,0x00000000f02fe358,0x00000000f0300000)
  to   space 81408K, 0% used [0x00000000f5200000,0x00000000f5200000,0x00000000fa180000)
 ParOldGen       total 263168K, used 130782K [0x0000000080000000, 0x0000000090100000, 0x00000000d5580000)
  object space 263168K, 49% used [0x0000000080000000,0x0000000087fb7870,0x0000000090100000)
 Metaspace       used 73116K, capacity 76120K, committed 76160K, reserved 1116160K
  class space    used 9556K, capacity 10349K, committed 10368K, reserved 1048576K
}
Event: 351.423 GC heap before
{Heap before GC invocations=21 (full 3):
 PSYoungGen      total 439808K, used 439800K [0x00000000d5580000, 0x00000000fa180000, 0x0000000100000000)
  eden space 375808K, 100% used [0x00000000d5580000,0x00000000ec480000,0x00000000ec480000)
  from space 64000K, 99% used [0x00000000ec480000,0x00000000f02fe358,0x00000000f0300000)
  to   space 81408K, 0% used [0x00000000f5200000,0x00000000f5200000,0x00000000fa180000)
 ParOldGen       total 263168K, used 130782K [0x0000000080000000, 0x0000000090100000, 0x00000000d5580000)
  object space 263168K, 49% used [0x0000000080000000,0x0000000087fb7870,0x0000000090100000)
 Metaspace       used 81152K, capacity 85762K, committed 86016K, reserved 1124352K
  class space    used 10669K, capacity 11700K, committed 11776K, reserved 1048576K
Event: 351.472 GC heap after
Heap after GC invocations=21 (full 3):
 PSYoungGen      total 457216K, used 74260K [0x00000000d5580000, 0x00000000fa180000, 0x0000000100000000)
  eden space 375808K, 0% used [0x00000000d5580000,0x00000000d5580000,0x00000000ec480000)
  from space 81408K, 91% used [0x00000000f5200000,0x00000000f9a85258,0x00000000fa180000)
  to   space 64000K, 0% used [0x00000000ec480000,0x00000000ec480000,0x00000000f0300000)
 ParOldGen       total 263168K, used 160043K [0x0000000080000000, 0x0000000090100000, 0x00000000d5580000)
  object space 263168K, 60% used [0x0000000080000000,0x0000000089c4af90,0x0000000090100000)
 Metaspace       used 81152K, capacity 85762K, committed 86016K, reserved 1124352K
  class space    used 10669K, capacity 11700K, committed 11776K, reserved 1048576K
}

