# JRE version: OpenJDK Runtime Environment (8.0_152-b02) (build 1.8.0_152-release-1024-b02)
# Java VM: OpenJDK 64-Bit Server VM (25.152-b02 mixed mode windows-amd64 compressed oops)
Heap:
 PSYoungGen      total 507392K, used 210368K [0x00000000d5580000, 0x00000000f8000000, 0x0000000100000000)
  eden space 463360K, 44% used [0x00000000d5580000,0x00000000e1d664d0,0x00000000f1a00000)
  from space 44032K, 12% used [0x00000000f5500000,0x00000000f5a89de8,0x00000000f8000000)
  to   space 52224K, 0% used [0x00000000f1a00000,0x00000000f1a00000,0x00000000f4d00000)
 ParOldGen       total 272896K, used 102362K [0x0000000080000000, 0x0000000090a80000, 0x00000000d5580000)
  object space 272896K, 37% used [0x0000000080000000,0x00000000863f6958,0x0000000090a80000)
 Metaspace       used 73950K, capacity 77652K, committed 77784K, reserved 1116160K
  class space    used 9818K, capacity 10662K, committed 10752K, reserved 1048576K
GC Heap History (10 events):
Event: 49.464 GC heap before
{Heap before GC invocations=31 (full 3):
 PSYoungGen      total 515584K, used 474273K [0x00000000d5580000, 0x00000000f8000000, 0x0000000100000000)
  eden space 463360K, 100% used [0x00000000d5580000,0x00000000f1a00000,0x00000000f1a00000)
  from space 52224K, 20% used [0x00000000f1a00000,0x00000000f24a84c0,0x00000000f4d00000)
  to   space 44032K, 0% used [0x00000000f5500000,0x00000000f5500000,0x00000000f8000000)
 ParOldGen       total 272896K, used 102354K [0x0000000080000000, 0x0000000090a80000, 0x00000000d5580000)
  object space 272896K, 37% used [0x0000000080000000,0x00000000863f4958,0x0000000090a80000)
 Metaspace       used 73854K, capacity 77524K, committed 77784K, reserved 1116160K
  class space    used 9817K, capacity 10662K, committed 10752K, reserved 1048576K
Event: 49.472 GC heap after
Heap after GC invocations=31 (full 3):
 PSYoungGen      total 507392K, used 8953K [0x00000000d5580000, 0x00000000f8000000, 0x0000000100000000)
  eden space 463360K, 0% used [0x00000000d5580000,0x00000000d5580000,0x00000000f1a00000)
  from space 44032K, 20% used [0x00000000f5500000,0x00000000f5dbe540,0x00000000f8000000)
  to   space 52224K, 0% used [0x00000000f1a00000,0x00000000f1a00000,0x00000000f4d00000)
 ParOldGen       total 272896K, used 102354K [0x0000000080000000, 0x0000000090a80000, 0x00000000d5580000)
  object space 272896K, 37% used [0x0000000080000000,0x00000000863f4958,0x0000000090a80000)
 Metaspace       used 73854K, capacity 77524K, committed 77784K, reserved 1116160K
  class space    used 9817K, capacity 10662K, committed 10752K, reserved 1048576K
}
Event: 50.665 GC heap before
{Heap before GC invocations=32 (full 3):
 PSYoungGen      total 507392K, used 472313K [0x00000000d5580000, 0x00000000f8000000, 0x0000000100000000)
  eden space 463360K, 100% used [0x00000000d5580000,0x00000000f1a00000,0x00000000f1a00000)
  from space 44032K, 20% used [0x00000000f5500000,0x00000000f5dbe540,0x00000000f8000000)
  to   space 52224K, 0% used [0x00000000f1a00000,0x00000000f1a00000,0x00000000f4d00000)
 ParOldGen       total 272896K, used 102354K [0x0000000080000000, 0x0000000090a80000, 0x00000000d5580000)
  object space 272896K, 37% used [0x0000000080000000,0x00000000863f4958,0x0000000090a80000)
 Metaspace       used 73867K, capacity 77524K, committed 77784K, reserved 1116160K
  class space    used 9818K, capacity 10662K, committed 10752K, reserved 1048576K
Event: 50.673 GC heap after
Heap after GC invocations=32 (full 3):
 PSYoungGen      total 515584K, used 7861K [0x00000000d5580000, 0x00000000f8000000, 0x0000000100000000)
  eden space 463360K, 0% used [0x00000000d5580000,0x00000000d5580000,0x00000000f1a00000)
  from space 52224K, 15% used [0x00000000f1a00000,0x00000000f21ad7e8,0x00000000f4d00000)
  to   space 44032K, 0% used [0x00000000f5500000,0x00000000f5500000,0x00000000f8000000)
 ParOldGen       total 272896K, used 102354K [0x0000000080000000, 0x0000000090a80000, 0x00000000d5580000)
  object space 272896K, 37% used [0x0000000080000000,0x00000000863f4958,0x0000000090a80000)
 Metaspace       used 73867K, capacity 77524K, committed 77784K, reserved 1116160K
  class space    used 9818K, capacity 10662K, committed 10752K, reserved 1048576K
}
Event: 51.931 GC heap before
{Heap before GC invocations=33 (full 3):
 PSYoungGen      total 515584K, used 471221K [0x00000000d5580000, 0x00000000f8000000, 0x0000000100000000)
  eden space 463360K, 100% used [0x00000000d5580000,0x00000000f1a00000,0x00000000f1a00000)
  from space 52224K, 15% used [0x00000000f1a00000,0x00000000f21ad7e8,0x00000000f4d00000)
  to   space 44032K, 0% used [0x00000000f5500000,0x00000000f5500000,0x00000000f8000000)
 ParOldGen       total 272896K, used 102354K [0x0000000080000000, 0x0000000090a80000, 0x00000000d5580000)
  object space 272896K, 37% used [0x0000000080000000,0x00000000863f4958,0x0000000090a80000)
 Metaspace       used 73881K, capacity 77524K, committed 77784K, reserved 1116160K
  class space    used 9818K, capacity 10662K, committed 10752K, reserved 1048576K
Event: 51.937 GC heap after
Heap after GC invocations=33 (full 3):
 PSYoungGen      total 507392K, used 4825K [0x00000000d5580000, 0x00000000f8000000, 0x0000000100000000)
  eden space 463360K, 0% used [0x00000000d5580000,0x00000000d5580000,0x00000000f1a00000)
  from space 44032K, 10% used [0x00000000f5500000,0x00000000f59b6780,0x00000000f8000000)
  to   space 52224K, 0% used [0x00000000f1a00000,0x00000000f1a00000,0x00000000f4d00000)
 ParOldGen       total 272896K, used 102354K [0x0000000080000000, 0x0000000090a80000, 0x00000000d5580000)
  object space 272896K, 37% used [0x0000000080000000,0x00000000863f4958,0x0000000090a80000)
 Metaspace       used 73881K, capacity 77524K, committed 77784K, reserved 1116160K
  class space    used 9818K, capacity 10662K, committed 10752K, reserved 1048576K
}
Event: 52.726 GC heap before
{Heap before GC invocations=34 (full 3):
 PSYoungGen      total 507392K, used 468185K [0x00000000d5580000, 0x00000000f8000000, 0x0000000100000000)
  eden space 463360K, 100% used [0x00000000d5580000,0x00000000f1a00000,0x00000000f1a00000)
  from space 44032K, 10% used [0x00000000f5500000,0x00000000f59b6780,0x00000000f8000000)
  to   space 52224K, 0% used [0x00000000f1a00000,0x00000000f1a00000,0x00000000f4d00000)
 ParOldGen       total 272896K, used 102354K [0x0000000080000000, 0x0000000090a80000, 0x00000000d5580000)
  object space 272896K, 37% used [0x0000000080000000,0x00000000863f4958,0x0000000090a80000)
 Metaspace       used 73900K, capacity 77588K, committed 77784K, reserved 1116160K
  class space    used 9818K, capacity 10662K, committed 10752K, reserved 1048576K
Event: 52.731 GC heap after
Heap after GC invocations=34 (full 3):
 PSYoungGen      total 515584K, used 2447K [0x00000000d5580000, 0x00000000f8000000, 0x0000000100000000)
  eden space 463360K, 0% used [0x00000000d5580000,0x00000000d5580000,0x00000000f1a00000)
  from space 52224K, 4% used [0x00000000f1a00000,0x00000000f1c63f48,0x00000000f4d00000)
  to   space 44032K, 0% used [0x00000000f5500000,0x00000000f5500000,0x00000000f8000000)
 ParOldGen       total 272896K, used 102354K [0x0000000080000000, 0x0000000090a80000, 0x00000000d5580000)
  object space 272896K, 37% used [0x0000000080000000,0x00000000863f4958,0x0000000090a80000)
 Metaspace       used 73900K, capacity 77588K, committed 77784K, reserved 1116160K
  class space    used 9818K, capacity 10662K, committed 10752K, reserved 1048576K
}
Event: 53.685 GC heap before
{Heap before GC invocations=35 (full 3):
 PSYoungGen      total 515584K, used 465807K [0x00000000d5580000, 0x00000000f8000000, 0x0000000100000000)
  eden space 463360K, 100% used [0x00000000d5580000,0x00000000f1a00000,0x00000000f1a00000)
  from space 52224K, 4% used [0x00000000f1a00000,0x00000000f1c63f48,0x00000000f4d00000)
  to   space 44032K, 0% used [0x00000000f5500000,0x00000000f5500000,0x00000000f8000000)
 ParOldGen       total 272896K, used 102354K [0x0000000080000000, 0x0000000090a80000, 0x00000000d5580000)
  object space 272896K, 37% used [0x0000000080000000,0x00000000863f4958,0x0000000090a80000)
 Metaspace       used 73949K, capacity 77652K, committed 77784K, reserved 1116160K
  class space    used 9818K, capacity 10662K, committed 10752K, reserved 1048576K
Event: 53.692 GC heap after
Heap after GC invocations=35 (full 3):
 PSYoungGen      total 507392K, used 5671K [0x00000000d5580000, 0x00000000f8000000, 0x0000000100000000)
  eden space 463360K, 0% used [0x00000000d5580000,0x00000000d5580000,0x00000000f1a00000)
  from space 44032K, 12% used [0x00000000f5500000,0x00000000f5a89de8,0x00000000f8000000)
  to   space 52224K, 0% used [0x00000000f1a00000,0x00000000f1a00000,0x00000000f4d00000)
 ParOldGen       total 272896K, used 102362K [0x0000000080000000, 0x0000000090a80000, 0x00000000d5580000)
  object space 272896K, 37% used [0x0000000080000000,0x00000000863f6958,0x0000000090a80000)
 Metaspace       used 73949K, capacity 77652K, committed 77784K, reserved 1116160K
  class space    used 9818K, capacity 10662K, committed 10752K, reserved 1048576K
}

