# JRE version: OpenJDK Runtime Environment (8.0_152-b02) (build 1.8.0_152-release-1024-b02)
# Java VM: OpenJDK 64-Bit Server VM (25.152-b02 mixed mode windows-amd64 compressed oops)
Heap:
 PSYoungGen      total 837120K, used 618182K [0x000000076ab00000, 0x00000007a7780000, 0x00000007c0000000)
  eden space 752128K, 70% used [0x000000076ab00000,0x000000078b3b6b70,0x0000000798980000)
  from space 84992K, 99% used [0x000000079ee00000,0x00000007a40fae88,0x00000007a4100000)
  to   space 102912K, 0% used [0x0000000798980000,0x0000000798980000,0x000000079ee00000)
 ParOldGen       total 390144K, used 147745K [0x00000006c0000000, 0x00000006d7d00000, 0x000000076ab00000)
  object space 390144K, 37% used [0x00000006c0000000,0x00000006c90484b8,0x00000006d7d00000)
 Metaspace       used 84423K, capacity 87884K, committed 89176K, reserved 1126400K
  class space    used 10566K, capacity 11316K, committed 11648K, reserved 1048576K
GC Heap History (10 events):
Event: 42.711 GC heap before
{Heap before GC invocations=18 (full 4):
 PSYoungGen      total 587776K, used 54243K [0x000000076ab00000, 0x000000079b880000, 0x00000007c0000000)
  eden space 533504K, 0% used [0x000000076ab00000,0x000000076ab00000,0x000000078b400000)
  from space 54272K, 99% used [0x0000000791380000,0x0000000794878c38,0x0000000794880000)
  to   space 97792K, 0% used [0x000000078b400000,0x000000078b400000,0x0000000791380000)
 ParOldGen       total 234496K, used 197225K [0x00000006c0000000, 0x00000006ce500000, 0x000000076ab00000)
  object space 234496K, 84% used [0x00000006c0000000,0x00000006cc09a738,0x00000006ce500000)
 Metaspace       used 78324K, capacity 82526K, committed 82776K, reserved 1120256K
  class space    used 10183K, capacity 11014K, committed 11136K, reserved 1048576K
Event: 43.141 GC heap after
Heap after GC invocations=18 (full 4):
 PSYoungGen      total 587776K, used 0K [0x000000076ab00000, 0x000000079b880000, 0x00000007c0000000)
  eden space 533504K, 0% used [0x000000076ab00000,0x000000076ab00000,0x000000078b400000)
  from space 54272K, 0% used [0x0000000791380000,0x0000000791380000,0x0000000794880000)
  to   space 97792K, 0% used [0x000000078b400000,0x000000078b400000,0x0000000791380000)
 ParOldGen       total 390144K, used 135801K [0x00000006c0000000, 0x00000006d7d00000, 0x000000076ab00000)
  object space 390144K, 34% used [0x00000006c0000000,0x00000006c849e660,0x00000006d7d00000)
 Metaspace       used 76607K, capacity 79286K, committed 82776K, reserved 1120256K
  class space    used 9800K, capacity 10390K, committed 11136K, reserved 1048576K
}
Event: 44.292 GC heap before
{Heap before GC invocations=19 (full 4):
 PSYoungGen      total 587776K, used 532802K [0x000000076ab00000, 0x000000079b880000, 0x00000007c0000000)
  eden space 533504K, 99% used [0x000000076ab00000,0x000000078b350b70,0x000000078b400000)
  from space 54272K, 0% used [0x0000000791380000,0x0000000791380000,0x0000000794880000)
  to   space 97792K, 0% used [0x000000078b400000,0x000000078b400000,0x0000000791380000)
 ParOldGen       total 390144K, used 135801K [0x00000006c0000000, 0x00000006d7d00000, 0x000000076ab00000)
  object space 390144K, 34% used [0x00000006c0000000,0x00000006c849e660,0x00000006d7d00000)
 Metaspace       used 77970K, capacity 80786K, committed 83032K, reserved 1122304K
  class space    used 9987K, capacity 10620K, committed 11136K, reserved 1048576K
Event: 44.306 GC heap after
Heap after GC invocations=19 (full 4):
 PSYoungGen      total 631296K, used 32216K [0x000000076ab00000, 0x000000079fd80000, 0x00000007c0000000)
  eden space 533504K, 0% used [0x000000076ab00000,0x000000076ab00000,0x000000078b400000)
  from space 97792K, 32% used [0x000000078b400000,0x000000078d376318,0x0000000791380000)
  to   space 92160K, 0% used [0x000000079a380000,0x000000079a380000,0x000000079fd80000)
 ParOldGen       total 390144K, used 135809K [0x00000006c0000000, 0x00000006d7d00000, 0x000000076ab00000)
  object space 390144K, 34% used [0x00000006c0000000,0x00000006c84a0660,0x00000006d7d00000)
 Metaspace       used 77970K, capacity 80786K, committed 83032K, reserved 1122304K
  class space    used 9987K, capacity 10620K, committed 11136K, reserved 1048576K
}
Event: 52.170 GC heap before
{Heap before GC invocations=20 (full 4):
 PSYoungGen      total 631296K, used 565720K [0x000000076ab00000, 0x000000079fd80000, 0x00000007c0000000)
  eden space 533504K, 100% used [0x000000076ab00000,0x000000078b400000,0x000000078b400000)
  from space 97792K, 32% used [0x000000078b400000,0x000000078d376318,0x0000000791380000)
  to   space 92160K, 0% used [0x000000079a380000,0x000000079a380000,0x000000079fd80000)
 ParOldGen       total 390144K, used 135809K [0x00000006c0000000, 0x00000006d7d00000, 0x000000076ab00000)
  object space 390144K, 34% used [0x00000006c0000000,0x00000006c84a0660,0x00000006d7d00000)
 Metaspace       used 81218K, capacity 84282K, committed 86104K, reserved 1124352K
  class space    used 10279K, capacity 10954K, committed 11392K, reserved 1048576K
Event: 52.187 GC heap after
Heap after GC invocations=20 (full 4):
 PSYoungGen      total 733696K, used 28012K [0x000000076ab00000, 0x000000079e300000, 0x00000007c0000000)
  eden space 668672K, 0% used [0x000000076ab00000,0x000000076ab00000,0x0000000793800000)
  from space 65024K, 43% used [0x000000079a380000,0x000000079bedb3d0,0x000000079e300000)
  to   space 87552K, 0% used [0x0000000793800000,0x0000000793800000,0x0000000798d80000)
 ParOldGen       total 390144K, used 135817K [0x00000006c0000000, 0x00000006d7d00000, 0x000000076ab00000)
  object space 390144K, 34% used [0x00000006c0000000,0x00000006c84a2660,0x00000006d7d00000)
 Metaspace       used 81218K, capacity 84282K, committed 86104K, reserved 1124352K
  class space    used 10279K, capacity 10954K, committed 11392K, reserved 1048576K
}
Event: 60.896 GC heap before
{Heap before GC invocations=21 (full 4):
 PSYoungGen      total 733696K, used 696684K [0x000000076ab00000, 0x000000079e300000, 0x00000007c0000000)
  eden space 668672K, 100% used [0x000000076ab00000,0x0000000793800000,0x0000000793800000)
  from space 65024K, 43% used [0x000000079a380000,0x000000079bedb3d0,0x000000079e300000)
  to   space 87552K, 0% used [0x0000000793800000,0x0000000793800000,0x0000000798d80000)
 ParOldGen       total 390144K, used 135817K [0x00000006c0000000, 0x00000006d7d00000, 0x000000076ab00000)
  object space 390144K, 34% used [0x00000006c0000000,0x00000006c84a2660,0x00000006d7d00000)
 Metaspace       used 83778K, capacity 87124K, committed 88408K, reserved 1126400K
  class space    used 10521K, capacity 11232K, committed 11648K, reserved 1048576K
Event: 60.925 GC heap after
Heap after GC invocations=21 (full 4):
 PSYoungGen      total 756224K, used 41453K [0x000000076ab00000, 0x00000007a4100000, 0x00000007c0000000)
  eden space 668672K, 0% used [0x000000076ab00000,0x000000076ab00000,0x0000000793800000)
  from space 87552K, 47% used [0x0000000793800000,0x000000079607b4f0,0x0000000798d80000)
  to   space 84992K, 0% used [0x000000079ee00000,0x000000079ee00000,0x00000007a4100000)
 ParOldGen       total 390144K, used 135825K [0x00000006c0000000, 0x00000006d7d00000, 0x000000076ab00000)
  object space 390144K, 34% used [0x00000006c0000000,0x00000006c84a4660,0x00000006d7d00000)
 Metaspace       used 83778K, capacity 87124K, committed 88408K, reserved 1126400K
  class space    used 10521K, capacity 11232K, committed 11648K, reserved 1048576K
}
Event: 64.120 GC heap before
{Heap before GC invocations=22 (full 4):
 PSYoungGen      total 756224K, used 710125K [0x000000076ab00000, 0x00000007a4100000, 0x00000007c0000000)
  eden space 668672K, 100% used [0x000000076ab00000,0x0000000793800000,0x0000000793800000)
  from space 87552K, 47% used [0x0000000793800000,0x000000079607b4f0,0x0000000798d80000)
  to   space 84992K, 0% used [0x000000079ee00000,0x000000079ee00000,0x00000007a4100000)
 ParOldGen       total 390144K, used 135825K [0x00000006c0000000, 0x00000006d7d00000, 0x000000076ab00000)
  object space 390144K, 34% used [0x00000006c0000000,0x00000006c84a4660,0x00000006d7d00000)
 Metaspace       used 84027K, capacity 87412K, committed 88664K, reserved 1126400K
  class space    used 10522K, capacity 11232K, committed 11648K, reserved 1048576K
Event: 64.180 GC heap after
Heap after GC invocations=22 (full 4):
 PSYoungGen      total 837120K, used 84971K [0x000000076ab00000, 0x00000007a7780000, 0x00000007c0000000)
  eden space 752128K, 0% used [0x000000076ab00000,0x000000076ab00000,0x0000000798980000)
  from space 84992K, 99% used [0x000000079ee00000,0x00000007a40fae88,0x00000007a4100000)
  to   space 102912K, 0% used [0x0000000798980000,0x0000000798980000,0x000000079ee00000)
 ParOldGen       total 390144K, used 147745K [0x00000006c0000000, 0x00000006d7d00000, 0x000000076ab00000)
  object space 390144K, 37% used [0x00000006c0000000,0x00000006c90484b8,0x00000006d7d00000)
 Metaspace       used 84027K, capacity 87412K, committed 88664K, reserved 1126400K
  class space    used 10522K, capacity 11232K, committed 11648K, reserved 1048576K
}

