# JRE version: OpenJDK Runtime Environment (8.0_152-b02) (build 1.8.0_152-release-1024-b02)
# Java VM: OpenJDK 64-Bit Server VM (25.152-b02 mixed mode windows-amd64 compressed oops)
Heap:
 PSYoungGen      total 512512K, used 432912K [0x000000076ab00000, 0x0000000790d80000, 0x00000007c0000000)
  eden space 436736K, 93% used [0x000000076ab00000,0x00000007837e3060,0x0000000785580000)
  from space 75776K, 34% used [0x000000078c380000,0x000000078dd60fd0,0x0000000790d80000)
  to   space 94208K, 0% used [0x0000000785580000,0x0000000785580000,0x000000078b180000)
 ParOldGen       total 402944K, used 100007K [0x00000006c0000000, 0x00000006d8980000, 0x000000076ab00000)
  object space 402944K, 24% used [0x00000006c0000000,0x00000006c61a9cc0,0x00000006d8980000)
 Metaspace       used 97673K, capacity 104234K, committed 104320K, reserved 1140736K
  class space    used 11926K, capacity 13137K, committed 13184K, reserved 1048576K
GC Heap History (10 events):
Event: 22201.092 GC heap before
{Heap before GC invocations=48 (full 4):
 PSYoungGen      total 532992K, used 532687K [0x000000076ab00000, 0x0000000796100000, 0x00000007c0000000)
  eden space 512000K, 100% used [0x000000076ab00000,0x0000000789f00000,0x0000000789f00000)
  from space 20992K, 98% used [0x000000078b000000,0x000000078c433e90,0x000000078c480000)
  to   space 99328K, 0% used [0x0000000790000000,0x0000000790000000,0x0000000796100000)
 ParOldGen       total 402944K, used 99967K [0x00000006c0000000, 0x00000006d8980000, 0x000000076ab00000)
  object space 402944K, 24% used [0x00000006c0000000,0x00000006c619fcc0,0x00000006d8980000)
 Metaspace       used 94350K, capacity 99732K, committed 99968K, reserved 1136640K
  class space    used 11533K, capacity 12574K, committed 12672K, reserved 1048576K
Event: 22201.103 GC heap after
Heap after GC invocations=48 (full 4):
 PSYoungGen      total 571392K, used 14167K [0x000000076ab00000, 0x0000000794a00000, 0x00000007c0000000)
  eden space 495616K, 0% used [0x000000076ab00000,0x000000076ab00000,0x0000000788f00000)
  from space 75776K, 18% used [0x0000000790000000,0x0000000790dd5cb8,0x0000000794a00000)
  to   space 95744K, 0% used [0x0000000788f00000,0x0000000788f00000,0x000000078ec80000)
 ParOldGen       total 402944K, used 99975K [0x00000006c0000000, 0x00000006d8980000, 0x000000076ab00000)
  object space 402944K, 24% used [0x00000006c0000000,0x00000006c61a1cc0,0x00000006d8980000)
 Metaspace       used 94350K, capacity 99732K, committed 99968K, reserved 1136640K
  class space    used 11533K, capacity 12574K, committed 12672K, reserved 1048576K
}
Event: 22293.245 GC heap before
{Heap before GC invocations=49 (full 4):
 PSYoungGen      total 571392K, used 509783K [0x000000076ab00000, 0x0000000794a00000, 0x00000007c0000000)
  eden space 495616K, 100% used [0x000000076ab00000,0x0000000788f00000,0x0000000788f00000)
  from space 75776K, 18% used [0x0000000790000000,0x0000000790dd5cb8,0x0000000794a00000)
  to   space 95744K, 0% used [0x0000000788f00000,0x0000000788f00000,0x000000078ec80000)
 ParOldGen       total 402944K, used 99975K [0x00000006c0000000, 0x00000006d8980000, 0x000000076ab00000)
  object space 402944K, 24% used [0x00000006c0000000,0x00000006c61a1cc0,0x00000006d8980000)
 Metaspace       used 95366K, capacity 101856K, committed 102016K, reserved 1138688K
  class space    used 11712K, capacity 12894K, committed 12928K, reserved 1048576K
Event: 22293.261 GC heap after
Heap after GC invocations=49 (full 4):
 PSYoungGen      total 510464K, used 30349K [0x000000076ab00000, 0x0000000792e80000, 0x00000007c0000000)
  eden space 479744K, 0% used [0x000000076ab00000,0x000000076ab00000,0x0000000787f80000)
  from space 30720K, 98% used [0x0000000788f00000,0x000000078aca3740,0x000000078ad00000)
  to   space 89600K, 0% used [0x000000078d700000,0x000000078d700000,0x0000000792e80000)
 ParOldGen       total 402944K, used 99983K [0x00000006c0000000, 0x00000006d8980000, 0x000000076ab00000)
  object space 402944K, 24% used [0x00000006c0000000,0x00000006c61a3cc0,0x00000006d8980000)
 Metaspace       used 95366K, capacity 101856K, committed 102016K, reserved 1138688K
  class space    used 11712K, capacity 12894K, committed 12928K, reserved 1048576K
}
Event: 23324.096 GC heap before
{Heap before GC invocations=50 (full 4):
 PSYoungGen      total 510464K, used 510093K [0x000000076ab00000, 0x0000000792e80000, 0x00000007c0000000)
  eden space 479744K, 100% used [0x000000076ab00000,0x0000000787f80000,0x0000000787f80000)
  from space 30720K, 98% used [0x0000000788f00000,0x000000078aca3740,0x000000078ad00000)
  to   space 89600K, 0% used [0x000000078d700000,0x000000078d700000,0x0000000792e80000)
 ParOldGen       total 402944K, used 99983K [0x00000006c0000000, 0x00000006d8980000, 0x000000076ab00000)
  object space 402944K, 24% used [0x00000006c0000000,0x00000006c61a3cc0,0x00000006d8980000)
 Metaspace       used 96088K, capacity 102590K, committed 102912K, reserved 1138688K
  class space    used 11780K, capacity 12969K, committed 13056K, reserved 1048576K
Event: 23324.133 GC heap after
Heap after GC invocations=50 (full 4):
 PSYoungGen      total 554496K, used 80645K [0x000000076ab00000, 0x0000000793800000, 0x00000007c0000000)
  eden space 464896K, 0% used [0x000000076ab00000,0x000000076ab00000,0x0000000787100000)
  from space 89600K, 90% used [0x000000078d700000,0x00000007925c1688,0x0000000792e80000)
  to   space 101888K, 0% used [0x0000000787100000,0x0000000787100000,0x000000078d480000)
 ParOldGen       total 402944K, used 99991K [0x00000006c0000000, 0x00000006d8980000, 0x000000076ab00000)
  object space 402944K, 24% used [0x00000006c0000000,0x00000006c61a5cc0,0x00000006d8980000)
 Metaspace       used 96088K, capacity 102590K, committed 102912K, reserved 1138688K
  class space    used 11780K, capacity 12969K, committed 13056K, reserved 1048576K
}
Event: 25206.384 GC heap before
{Heap before GC invocations=51 (full 4):
 PSYoungGen      total 554496K, used 545541K [0x000000076ab00000, 0x0000000793800000, 0x00000007c0000000)
  eden space 464896K, 100% used [0x000000076ab00000,0x0000000787100000,0x0000000787100000)
  from space 89600K, 90% used [0x000000078d700000,0x00000007925c1688,0x0000000792e80000)
  to   space 101888K, 0% used [0x0000000787100000,0x0000000787100000,0x000000078d480000)
 ParOldGen       total 402944K, used 99991K [0x00000006c0000000, 0x00000006d8980000, 0x000000076ab00000)
  object space 402944K, 24% used [0x00000006c0000000,0x00000006c61a5cc0,0x00000006d8980000)
 Metaspace       used 96542K, capacity 103168K, committed 103424K, reserved 1140736K
  class space    used 11826K, capacity 13050K, committed 13056K, reserved 1048576K
Event: 25206.406 GC heap after
Heap after GC invocations=51 (full 4):
 PSYoungGen      total 495616K, used 44649K [0x000000076ab00000, 0x0000000792400000, 0x00000007c0000000)
  eden space 450560K, 0% used [0x000000076ab00000,0x000000076ab00000,0x0000000786300000)
  from space 45056K, 99% used [0x0000000787100000,0x0000000789c9a478,0x0000000789d00000)
  to   space 98816K, 0% used [0x000000078c380000,0x000000078c380000,0x0000000792400000)
 ParOldGen       total 402944K, used 99999K [0x00000006c0000000, 0x00000006d8980000, 0x000000076ab00000)
  object space 402944K, 24% used [0x00000006c0000000,0x00000006c61a7cc0,0x00000006d8980000)
 Metaspace       used 96542K, capacity 103168K, committed 103424K, reserved 1140736K
  class space    used 11826K, capacity 13050K, committed 13056K, reserved 1048576K
}
Event: 25268.279 GC heap before
{Heap before GC invocations=52 (full 4):
 PSYoungGen      total 495616K, used 495209K [0x000000076ab00000, 0x0000000792400000, 0x00000007c0000000)
  eden space 450560K, 100% used [0x000000076ab00000,0x0000000786300000,0x0000000786300000)
  from space 45056K, 99% used [0x0000000787100000,0x0000000789c9a478,0x0000000789d00000)
  to   space 98816K, 0% used [0x000000078c380000,0x000000078c380000,0x0000000792400000)
 ParOldGen       total 402944K, used 99999K [0x00000006c0000000, 0x00000006d8980000, 0x000000076ab00000)
  object space 402944K, 24% used [0x00000006c0000000,0x00000006c61a7cc0,0x00000006d8980000)
 Metaspace       used 96971K, capacity 103508K, committed 103808K, reserved 1140736K
  class space    used 11860K, capacity 13064K, committed 13184K, reserved 1048576K
Event: 25268.302 GC heap after
Heap after GC invocations=52 (full 4):
 PSYoungGen      total 512512K, used 26499K [0x000000076ab00000, 0x0000000790d80000, 0x00000007c0000000)
  eden space 436736K, 0% used [0x000000076ab00000,0x000000076ab00000,0x0000000785580000)
  from space 75776K, 34% used [0x000000078c380000,0x000000078dd60fd0,0x0000000790d80000)
  to   space 94208K, 0% used [0x0000000785580000,0x0000000785580000,0x000000078b180000)
 ParOldGen       total 402944K, used 100007K [0x00000006c0000000, 0x00000006d8980000, 0x000000076ab00000)
  object space 402944K, 24% used [0x00000006c0000000,0x00000006c61a9cc0,0x00000006d8980000)
 Metaspace       used 96971K, capacity 103508K, committed 103808K, reserved 1140736K
  class space    used 11860K, capacity 13064K, committed 13184K, reserved 1048576K
}

